<?xml version="1.0" encoding="UTF-8"?>
<testsuite name="Cucumber" time="59.344" tests="5" skipped="0" failures="0" errors="0">
<testcase classname="Test login feature" name="Check Login Happy Flow - Example #1.1" time="12.053">
<system-out><![CDATA[
When Browser is open........................................................passed
And user is on login page...................................................passed
When user enters standard_user and secret_sauce.............................passed
And user clicks Login CTA...................................................passed
Then user is navigated to homepage..........................................passed
]]></system-out>
</testcase>
<testcase classname="Test login feature" name="Check Login Happy Flow - Example #1.2" time="10.253">
<system-out><![CDATA[
When Browser is open........................................................passed
And user is on login page...................................................passed
When user enters problem_user and secret_sauce..............................passed
And user clicks Login CTA...................................................passed
Then user is navigated to homepage..........................................passed
]]></system-out>
</testcase>
<testcase classname="Test login feature" name="Check Login Happy Flow - Example #1.3" time="15.473">
<system-out><![CDATA[
When Browser is open........................................................passed
And user is on login page...................................................passed
When user enters performance_glitch_user and secret_sauce...................passed
And user clicks Login CTA...................................................passed
Then user is navigated to homepage..........................................passed
]]></system-out>
</testcase>
<testcase classname="Test login feature" name="Check Login Happy Flow - Example #1.4" time="10.786">
<system-out><![CDATA[
When Browser is open........................................................passed
And user is on login page...................................................passed
When user enters error_user and secret_sauce................................passed
And user clicks Login CTA...................................................passed
Then user is navigated to homepage..........................................passed
]]></system-out>
</testcase>
<testcase classname="Test login feature" name="Check Login Happy Flow - Example #1.5" time="10.54">
<system-out><![CDATA[
When Browser is open........................................................passed
And user is on login page...................................................passed
When user enters visual_user and secret_sauce...............................passed
And user clicks Login CTA...................................................passed
Then user is navigated to homepage..........................................passed
]]></system-out>
</testcase>
</testsuite>
